  j1Player.cpp
C:\Users\oscarrm9\Documents\GitHub\Handout\MyGame\Motor2D\j1Player.cpp(154,11): warning C4244:  '=': conversion from 'int' to 'TYPE', possible loss of data
C:\Users\oscarrm9\Documents\GitHub\Handout\MyGame\Motor2D\j1Player.cpp(154,11): warning C4244:         with
C:\Users\oscarrm9\Documents\GitHub\Handout\MyGame\Motor2D\j1Player.cpp(154,11): warning C4244:         [
C:\Users\oscarrm9\Documents\GitHub\Handout\MyGame\Motor2D\j1Player.cpp(154,11): warning C4244:             TYPE=float
C:\Users\oscarrm9\Documents\GitHub\Handout\MyGame\Motor2D\j1Player.cpp(154,11): warning C4244:         ]
C:\Users\oscarrm9\Documents\GitHub\Handout\MyGame\Motor2D\j1Player.cpp(158,11): warning C4244:  '=': conversion from 'int' to 'TYPE', possible loss of data
C:\Users\oscarrm9\Documents\GitHub\Handout\MyGame\Motor2D\j1Player.cpp(158,11): warning C4244:         with
C:\Users\oscarrm9\Documents\GitHub\Handout\MyGame\Motor2D\j1Player.cpp(158,11): warning C4244:         [
C:\Users\oscarrm9\Documents\GitHub\Handout\MyGame\Motor2D\j1Player.cpp(158,11): warning C4244:             TYPE=float
C:\Users\oscarrm9\Documents\GitHub\Handout\MyGame\Motor2D\j1Player.cpp(158,11): warning C4244:         ]
C:\Users\oscarrm9\Documents\GitHub\Handout\MyGame\Motor2D\j1Player.cpp(250,21): warning C4244:  '+=': conversion from 'TYPE' to 'TYPE', possible loss of data
C:\Users\oscarrm9\Documents\GitHub\Handout\MyGame\Motor2D\j1Player.cpp(250,21): warning C4244:         with
C:\Users\oscarrm9\Documents\GitHub\Handout\MyGame\Motor2D\j1Player.cpp(250,21): warning C4244:         [
C:\Users\oscarrm9\Documents\GitHub\Handout\MyGame\Motor2D\j1Player.cpp(250,21): warning C4244:             TYPE=float
C:\Users\oscarrm9\Documents\GitHub\Handout\MyGame\Motor2D\j1Player.cpp(250,21): warning C4244:         ]
C:\Users\oscarrm9\Documents\GitHub\Handout\MyGame\Motor2D\j1Player.cpp(250,21): warning C4244:         and
C:\Users\oscarrm9\Documents\GitHub\Handout\MyGame\Motor2D\j1Player.cpp(250,21): warning C4244:         [
C:\Users\oscarrm9\Documents\GitHub\Handout\MyGame\Motor2D\j1Player.cpp(250,21): warning C4244:             TYPE=int
C:\Users\oscarrm9\Documents\GitHub\Handout\MyGame\Motor2D\j1Player.cpp(250,21): warning C4244:         ]
C:\Users\oscarrm9\Documents\GitHub\Handout\MyGame\Motor2D\j1Player.cpp(251,21): warning C4244:  '+=': conversion from 'TYPE' to 'TYPE', possible loss of data
C:\Users\oscarrm9\Documents\GitHub\Handout\MyGame\Motor2D\j1Player.cpp(251,21): warning C4244:         with
C:\Users\oscarrm9\Documents\GitHub\Handout\MyGame\Motor2D\j1Player.cpp(251,21): warning C4244:         [
C:\Users\oscarrm9\Documents\GitHub\Handout\MyGame\Motor2D\j1Player.cpp(251,21): warning C4244:             TYPE=float
C:\Users\oscarrm9\Documents\GitHub\Handout\MyGame\Motor2D\j1Player.cpp(251,21): warning C4244:         ]
C:\Users\oscarrm9\Documents\GitHub\Handout\MyGame\Motor2D\j1Player.cpp(251,21): warning C4244:         and
C:\Users\oscarrm9\Documents\GitHub\Handout\MyGame\Motor2D\j1Player.cpp(251,21): warning C4244:         [
C:\Users\oscarrm9\Documents\GitHub\Handout\MyGame\Motor2D\j1Player.cpp(251,21): warning C4244:             TYPE=int
C:\Users\oscarrm9\Documents\GitHub\Handout\MyGame\Motor2D\j1Player.cpp(251,21): warning C4244:         ]
C:\Users\oscarrm9\Documents\GitHub\Handout\MyGame\Motor2D\j1Player.cpp(278,20): warning C4018:  '<': signed/unsigned mismatch
C:\Users\oscarrm9\Documents\GitHub\Handout\MyGame\Motor2D\j1Player.cpp(293,20): warning C4018:  '<': signed/unsigned mismatch
  Motor2D.vcxproj -> C:\Users\oscarrm9\Documents\GitHub\Handout\MyGame\Debug\Motor 2D.exe
