  EntityManager.cpp
  j1AirEnemy.cpp
c:\users\oscar\documents\github\unknownminer\motor2d\j1airenemy.cpp(138): warning C4244: '+=': conversión de 'TYPE' a 'TYPE'; posible pérdida de datos
          with
          [
              TYPE=float
          ]
          and
          [
              TYPE=int
          ]
c:\users\oscar\documents\github\unknownminer\motor2d\j1airenemy.cpp(139): warning C4244: '+=': conversión de 'TYPE' a 'TYPE'; posible pérdida de datos
          with
          [
              TYPE=float
          ]
          and
          [
              TYPE=int
          ]
c:\users\oscar\documents\github\unknownminer\motor2d\j1airenemy.cpp(167): warning C4018: '<': no coinciden signed/unsigned
c:\users\oscar\documents\github\unknownminer\motor2d\p2point.h(97): warning C4244: 'argumento': conversión de 'TYPE' a 'float'; posible pérdida de datos
          with
          [
              TYPE=int
          ]
  c:\users\oscar\documents\github\unknownminer\motor2d\p2point.h(95): note: durante la compilación de la función miembro de plantilla clase de 'p2Point<int> &p2Point<int>::Normalize(void)'
  c:\users\oscar\documents\github\unknownminer\motor2d\j1airenemy.cpp(119): note: vea la referencia a la creación de instancias de plantilla de función 'p2Point<int> &p2Point<int>::Normalize(void)' que se está compilando
  c:\users\oscar\documents\github\unknownminer\motor2d\entity.h(72): note: vea la referencia a la creación de instancias de plantilla clase de 'p2Point<int>' que se está compilando
c:\users\oscar\documents\github\unknownminer\motor2d\p2point.h(97): warning C4244: '=': conversión de 'float' a 'TYPE'; posible pérdida de datos
          with
          [
              TYPE=int
          ]
c:\users\oscar\documents\github\unknownminer\motor2d\p2point.h(98): warning C4244: 'argumento': conversión de 'TYPE' a 'float'; posible pérdida de datos
          with
          [
              TYPE=int
          ]
c:\users\oscar\documents\github\unknownminer\motor2d\p2point.h(98): warning C4244: '=': conversión de 'float' a 'TYPE'; posible pérdida de datos
          with
          [
              TYPE=int
          ]
  j1FadeToBlack.cpp
  j1App.cpp
  j1Player.cpp
c:\users\oscar\documents\github\unknownminer\motor2d\j1player.cpp(211): warning C4244: '=': conversión de 'int' a 'TYPE'; posible pérdida de datos
          with
          [
              TYPE=float
          ]
c:\users\oscar\documents\github\unknownminer\motor2d\j1player.cpp(216): warning C4244: '=': conversión de 'int' a 'TYPE'; posible pérdida de datos
          with
          [
              TYPE=float
          ]
c:\users\oscar\documents\github\unknownminer\motor2d\j1player.cpp(316): warning C4018: '>': no coinciden signed/unsigned
c:\users\oscar\documents\github\unknownminer\motor2d\j1player.cpp(336): warning C4018: '>': no coinciden signed/unsigned
c:\users\oscar\documents\github\unknownminer\motor2d\j1player.cpp(346): warning C4244: '+=': conversión de 'TYPE' a 'TYPE'; posible pérdida de datos
          with
          [
              TYPE=float
          ]
          and
          [
              TYPE=int
          ]
c:\users\oscar\documents\github\unknownminer\motor2d\j1player.cpp(347): warning C4244: '+=': conversión de 'TYPE' a 'TYPE'; posible pérdida de datos
          with
          [
              TYPE=float
          ]
          and
          [
              TYPE=int
          ]
c:\users\oscar\documents\github\unknownminer\motor2d\j1player.cpp(380): warning C4018: '<': no coinciden signed/unsigned
c:\users\oscar\documents\github\unknownminer\motor2d\j1player.cpp(401): warning C4018: '<': no coinciden signed/unsigned
  j1Scene.cpp
c:\users\oscar\documents\github\unknownminer\motor2d\j1scene.cpp(113): error C2039: 'airenemy': no es un miembro de 'j1App'
  c:\users\oscar\documents\github\unknownminer\motor2d\j1app.h(23): note: vea la declaración de 'j1App'
c:\users\oscar\documents\github\unknownminer\motor2d\j1scene.cpp(126): error C2039: 'airenemy': no es un miembro de 'j1App'
  c:\users\oscar\documents\github\unknownminer\motor2d\j1app.h(23): note: vea la declaración de 'j1App'
c:\users\oscar\documents\github\unknownminer\motor2d\j1scene.cpp(146): error C2660: 'EntityManager::DeleteEntity': la función no acepta 0 argumentos
  c:\users\oscar\documents\github\unknownminer\motor2d\entitymanager.h(46): note: vea la declaración de 'EntityManager::DeleteEntity'
c:\users\oscar\documents\github\unknownminer\motor2d\j1scene.cpp(148): error C2143: error de sintaxis: falta ';' delante de '<template-id>'
c:\users\oscar\documents\github\unknownminer\motor2d\j1scene.cpp(159): error C2039: 'airenemy': no es un miembro de 'j1App'
  c:\users\oscar\documents\github\unknownminer\motor2d\j1app.h(23): note: vea la declaración de 'j1App'
  Generando código...
c:\users\oscar\documents\github\unknownminer\motor2d\p2point.h(99): warning C4172: devolución de dirección de la variable local o temporal: f
