c:\users\carlos redolar\documents\github\unknownminer\motor2d\debug\vc141.pdb
c:\users\carlos redolar\documents\github\unknownminer\motor2d\debug\vc141.idb
c:\users\carlos redolar\documents\github\unknownminer\motor2d\debug\j1textures.obj
c:\users\carlos redolar\documents\github\unknownminer\motor2d\debug\j1render.obj
c:\users\carlos redolar\documents\github\unknownminer\motor2d\debug\p2log.obj
c:\users\carlos redolar\documents\github\unknownminer\motor2d\debug\j1timer.obj
c:\users\carlos redolar\documents\github\unknownminer\motor2d\debug\j1scene.obj
c:\users\carlos redolar\documents\github\unknownminer\motor2d\debug\j1player.obj
c:\users\carlos redolar\documents\github\unknownminer\motor2d\debug\j1perftimer.obj
c:\users\carlos redolar\documents\github\unknownminer\motor2d\debug\j1pathfinding.obj
c:\users\carlos redolar\documents\github\unknownminer\motor2d\debug\j1map.obj
c:\users\carlos redolar\documents\github\unknownminer\motor2d\debug\j1input.obj
c:\users\carlos redolar\documents\github\unknownminer\motor2d\debug\j1audio.obj
c:\users\carlos redolar\documents\github\unknownminer\motor2d\debug\j1app.obj
c:\users\carlos redolar\documents\github\unknownminer\motor2d\debug\j1main.obj
c:\users\carlos redolar\documents\github\unknownminer\motor2d\debug\j1gui.obj
c:\users\carlos redolar\documents\github\unknownminer\motor2d\debug\j1groundenemy.obj
c:\users\carlos redolar\documents\github\unknownminer\motor2d\debug\j1fonts.obj
c:\users\carlos redolar\documents\github\unknownminer\motor2d\debug\j1fadetoblack.obj
c:\users\carlos redolar\documents\github\unknownminer\motor2d\debug\j1collision.obj
c:\users\carlos redolar\documents\github\unknownminer\motor2d\debug\j1airenemy.obj
c:\users\carlos redolar\documents\github\unknownminer\motor2d\debug\entitymanager.obj
c:\users\carlos redolar\documents\github\unknownminer\motor2d\debug\pugixml.obj
c:\users\carlos redolar\documents\github\unknownminer\motor2d\debug\j1window.obj
c:\users\carlos redolar\documents\github\unknownminer\motor2d\debug\j1coin.obj
c:\users\carlos redolar\documents\github\unknownminer\debug\unknown miner.exe
c:\users\carlos redolar\documents\github\unknownminer\debug\unknown miner.ilk
c:\users\carlos redolar\documents\github\unknownminer\debug\unknown miner.pdb
c:\users\carlos redolar\documents\github\unknownminer\motor2d\debug\motor 2d.res
h:\github\handout\motor2d\debug\entitymanager.obj
h:\github\handout\motor2d\debug\j1airenemy.obj
h:\github\handout\motor2d\debug\j1app.obj
h:\github\handout\motor2d\debug\j1audio.obj
h:\github\handout\motor2d\debug\j1coin.obj
h:\github\handout\motor2d\debug\j1collision.obj
h:\github\handout\motor2d\debug\j1fadetoblack.obj
h:\github\handout\motor2d\debug\j1fonts.obj
h:\github\handout\motor2d\debug\j1groundenemy.obj
h:\github\handout\motor2d\debug\j1gui.obj
h:\github\handout\motor2d\debug\j1input.obj
h:\github\handout\motor2d\debug\j1main.obj
h:\github\handout\motor2d\debug\j1map.obj
h:\github\handout\motor2d\debug\j1menu.obj
h:\github\handout\motor2d\debug\j1pathfinding.obj
h:\github\handout\motor2d\debug\j1perftimer.obj
h:\github\handout\motor2d\debug\j1player.obj
h:\github\handout\motor2d\debug\j1render.obj
h:\github\handout\motor2d\debug\j1scene.obj
h:\github\handout\motor2d\debug\j1textures.obj
h:\github\handout\motor2d\debug\j1timer.obj
h:\github\handout\motor2d\debug\j1window.obj
h:\github\handout\motor2d\debug\p2log.obj
h:\github\handout\motor2d\debug\pugixml.obj
h:\github\handout\motor2d\debug\motor 2d.res
h:\github\handout\motor2d\debug\vc141.idb
h:\github\handout\motor2d\debug\vc142.idb
h:\github\handout\motor2d\debug\vc141.pdb
h:\github\handout\motor2d\debug\vc142.pdb
h:\github\handout\debug\unknown miner.pdb
h:\github\handout\debug\unknown miner.exe
h:\github\handout\debug\unknown miner.ilk
h:\github\handout\motor2d\debug\unknown miner.tlog\cl.command.1.tlog
h:\github\handout\motor2d\debug\unknown miner.tlog\cl.read.1.tlog
h:\github\handout\motor2d\debug\unknown miner.tlog\cl.write.1.tlog
h:\github\handout\motor2d\debug\unknown miner.tlog\link.command.1.tlog
h:\github\handout\motor2d\debug\unknown miner.tlog\link.read.1.tlog
h:\github\handout\motor2d\debug\unknown miner.tlog\link.write.1.tlog
h:\github\handout\motor2d\debug\unknown miner.tlog\rc.command.1.tlog
h:\github\handout\motor2d\debug\unknown miner.tlog\rc.read.1.tlog
h:\github\handout\motor2d\debug\unknown miner.tlog\rc.write.1.tlog
