h:\github\handout\motor2d\release\vc142.pdb
h:\github\handout\motor2d\release\pugixml.obj
h:\github\handout\motor2d\release\j1window.obj
h:\github\handout\motor2d\release\j1textures.obj
h:\github\handout\motor2d\release\j1render.obj
h:\github\handout\motor2d\release\p2log.obj
h:\github\handout\motor2d\release\j1scene.obj
h:\github\handout\motor2d\release\j1player.obj
h:\github\handout\motor2d\release\j1map.obj
h:\github\handout\motor2d\release\j1input.obj
h:\github\handout\motor2d\release\j1audio.obj
h:\github\handout\motor2d\release\j1app.obj
h:\github\handout\motor2d\release\j1main.obj
h:\github\handout\motor2d\release\j1fadetoblack.obj
h:\github\handout\motor2d\release\j1collision.obj
h:\github\handout\release\motor 2d.exe
h:\github\handout\release\motor 2d.pdb
h:\github\handout\release\motor 2d.ipdb
h:\github\handout\release\motor 2d.iobj
h:\github\handout\motor2d\release\motor 2d.tlog\cl.command.1.tlog
h:\github\handout\motor2d\release\motor 2d.tlog\cl.read.1.tlog
h:\github\handout\motor2d\release\motor 2d.tlog\cl.write.1.tlog
h:\github\handout\motor2d\release\motor 2d.tlog\link.command.1.tlog
h:\github\handout\motor2d\release\motor 2d.tlog\link.read.1.tlog
h:\github\handout\motor2d\release\motor 2d.tlog\link.write.1.tlog
h:\github\handout\motor2d\release\motor 2d.tlog\motor 2d.write.1u.tlog
