C:\Program Files (x86)\Microsoft Visual Studio\2019\Community\MSBuild\Microsoft\VC\v160\Microsoft.CppBuild.targets(411,5): warning MSB8028: El directorio intermedio (Release\) contiene archivos compartidos de otro proyecto (Motor 2D.vcxproj). Esto puede dar lugar a un comportamiento incorrecto de limpieza y recompilación.
  j1Collision.cpp
  j1FadeToBlack.cpp
  j1Main.cpp
  j1App.cpp
  j1Audio.cpp
  j1Input.cpp
  j1Map.cpp
j1Map.cpp(41): warning C4018: '<': no coinciden signed/unsigned
j1Map.cpp(43): warning C4018: '<': no coinciden signed/unsigned
j1Map.cpp(171): warning C4018: '<': no coinciden signed/unsigned
j1Map.cpp(173): warning C4018: '<': no coinciden signed/unsigned
  j1Player.cpp
j1Player.cpp(211): warning C4244: '=': conversión de 'int' a 'TYPE'; posible pérdida de datos
          with
          [
              TYPE=float
          ]
j1Player.cpp(215): warning C4244: '=': conversión de 'int' a 'TYPE'; posible pérdida de datos
          with
          [
              TYPE=float
          ]
j1Player.cpp(307): warning C4018: '>': no coinciden signed/unsigned
j1Player.cpp(317): warning C4244: '+=': conversión de 'TYPE' a 'TYPE'; posible pérdida de datos
          with
          [
              TYPE=float
          ]
          and
          [
              TYPE=int
          ]
j1Player.cpp(318): warning C4244: '+=': conversión de 'TYPE' a 'TYPE'; posible pérdida de datos
          with
          [
              TYPE=float
          ]
          and
          [
              TYPE=int
          ]
j1Player.cpp(349): warning C4018: '<': no coinciden signed/unsigned
j1Player.cpp(370): warning C4018: '<': no coinciden signed/unsigned
  j1Scene.cpp
  p2Log.cpp
  j1Render.cpp
  j1Textures.cpp
  j1Window.cpp
  pugixml.cpp
  Generando código
  Previous IPDB not found, fall back to full compilation.
  All 728 functions were compiled because no usable IPDB/IOBJ from previous compilation was found.
  Generación de código finalizada
  Motor2D.vcxproj -> H:\GitHub\Handout\Release\Unknown Miner.exe
